<?xml version="1.0" encoding="UTF-8"?><testsuite failures="1" name="cucumber.runtime.formatter.JUnitFormatter" skipped="0" tests="1" time="0.089465">
<testcase classname="LitPro library" name="LitProLibrary - Validating the Usage Details of the student - Teacher" time="0.089465">
<failure message="java.lang.NoClassDefFoundError: org/apache/http/auth/Credentials&#10;&#9;at org.openqa.selenium.remote.HttpCommandExecutor.getDefaultClientFactory(HttpCommandExecutor.java:96)&#10;&#9;at org.openqa.selenium.remote.HttpCommandExecutor.&lt;init&gt;(HttpCommandExecutor.java:70)&#10;&#9;at org.openqa.selenium.remote.service.DriverCommandExecutor.&lt;init&gt;(DriverCommandExecutor.java:62)&#10;&#9;at org.openqa.selenium.chrome.ChromeDriverCommandExecutor.&lt;init&gt;(ChromeDriverCommandExecutor.java:40)&#10;&#9;at org.openqa.selenium.chrome.ChromeDriver.&lt;init&gt;(ChromeDriver.java:170)&#10;&#9;at org.openqa.selenium.chrome.ChromeDriver.&lt;init&gt;(ChromeDriver.java:159)&#10;&#9;at org.openqa.selenium.chrome.ChromeDriver.&lt;init&gt;(ChromeDriver.java:116)&#10;&#9;at sun.reflect.NativeConstructorAccessorImpl.newInstance0(Native Method)&#10;&#9;at sun.reflect.NativeConstructorAccessorImpl.newInstance(NativeConstructorAccessorImpl.java:62)&#10;&#9;at sun.reflect.DelegatingConstructorAccessorImpl.newInstance(DelegatingConstructorAccessorImpl.java:45)&#10;&#9;at java.lang.reflect.Constructor.newInstance(Constructor.java:423)&#10;&#9;at java.lang.Class.newInstance(Class.java:442)&#10;&#9;at com.scholastic.torque.common.TestBase$WEBDRIVER.getDriver(TestBase.java:479)&#10;&#9;at com.scholastic.torque.common.TestBase.initDriver(TestBase.java:158)&#10;&#9;at com.scholastic.torque.common.TestBase.getDriver(TestBase.java:83)&#10;&#9;at com.scholastic.torque.common.TestBase.getSessionID(TestBase.java:528)&#10;&#9;at com.scholastic.intl.litpro.test.automation.stepdefs.Hooks.beforeHook(Hooks.java:26)&#10;&#9;at sun.reflect.NativeMethodAccessorImpl.invoke0(Native Method)&#10;&#9;at sun.reflect.NativeMethodAccessorImpl.invoke(NativeMethodAccessorImpl.java:62)&#10;&#9;at sun.reflect.DelegatingMethodAccessorImpl.invoke(DelegatingMethodAccessorImpl.java:43)&#10;&#9;at java.lang.reflect.Method.invoke(Method.java:498)&#10;&#9;at cucumber.runtime.Utils$1.call(Utils.java:40)&#10;&#9;at cucumber.runtime.Timeout.timeout(Timeout.java:16)&#10;&#9;at cucumber.runtime.Utils.invoke(Utils.java:34)&#10;&#9;at cucumber.runtime.java.JavaHookDefinition.execute(JavaHookDefinition.java:60)&#10;&#9;at cucumber.runtime.Runtime.runHookIfTagsMatch(Runtime.java:224)&#10;&#9;at cucumber.runtime.Runtime.runHooks(Runtime.java:212)&#10;&#9;at cucumber.runtime.Runtime.runBeforeHooks(Runtime.java:202)&#10;&#9;at cucumber.runtime.model.CucumberScenario.run(CucumberScenario.java:40)&#10;&#9;at cucumber.runtime.model.CucumberFeature.run(CucumberFeature.java:165)&#10;&#9;at com.scholastic.torque.cucumber.testng.CucumberTestNGRunner.runCucumber(CucumberTestNGRunner.java:108)&#10;&#9;at com.scholastic.torque.cucumber.testng.CukesByFeatureAndCompositionTest.feature(CukesByFeatureAndCompositionTest.java:22)&#10;&#9;at sun.reflect.NativeMethodAccessorImpl.invoke0(Native Method)&#10;&#9;at sun.reflect.NativeMethodAccessorImpl.invoke(NativeMethodAccessorImpl.java:62)&#10;&#9;at sun.reflect.DelegatingMethodAccessorImpl.invoke(DelegatingMethodAccessorImpl.java:43)&#10;&#9;at java.lang.reflect.Method.invoke(Method.java:498)&#10;&#9;at org.testng.internal.MethodInvocationHelper.invokeMethod(MethodInvocationHelper.java:86)&#10;&#9;at org.testng.internal.Invoker.invokeMethod(Invoker.java:643)&#10;&#9;at org.testng.internal.Invoker.invokeTestMethod(Invoker.java:820)&#10;&#9;at org.testng.internal.Invoker.invokeTestMethods(Invoker.java:1128)&#10;&#9;at org.testng.internal.TestMethodWorker.invokeTestMethods(TestMethodWorker.java:129)&#10;&#9;at org.testng.internal.TestMethodWorker.run(TestMethodWorker.java:112)&#10;&#9;at org.testng.TestRunner.privateRun(TestRunner.java:782)&#10;&#9;at org.testng.TestRunner.run(TestRunner.java:632)&#10;&#9;at org.testng.SuiteRunner.runTest(SuiteRunner.java:366)&#10;&#9;at org.testng.SuiteRunner.access$000(SuiteRunner.java:39)&#10;&#9;at org.testng.SuiteRunner$SuiteWorker.run(SuiteRunner.java:400)&#10;&#9;at org.testng.internal.thread.ThreadUtil$2.call(ThreadUtil.java:64)&#10;&#9;at java.util.concurrent.FutureTask.run(FutureTask.java:266)&#10;&#9;at java.util.concurrent.ThreadPoolExecutor.runWorker(ThreadPoolExecutor.java:1149)&#10;&#9;at java.util.concurrent.ThreadPoolExecutor$Worker.run(ThreadPoolExecutor.java:624)&#10;&#9;at java.lang.Thread.run(Thread.java:748)&#10;Caused by: java.lang.ClassNotFoundException: org.apache.http.auth.Credentials&#10;&#9;at java.net.URLClassLoader.findClass(URLClassLoader.java:381)&#10;&#9;at java.lang.ClassLoader.loadClass(ClassLoader.java:424)&#10;&#9;at sun.misc.Launcher$AppClassLoader.loadClass(Launcher.java:338)&#10;&#9;at java.lang.ClassLoader.loadClass(ClassLoader.java:357)&#10;&#9;... 52 more&#10;"><![CDATA[When I login into SLZ as a "Student"........................................skipped
Then I should collect the usage detail info.................................skipped
When I login into SLZ as a "Teacher"........................................skipped
Then I should click on "breaking bad 6" in roster tree......................skipped
Then I should click on "Lui Class" in roster tree...........................skipped
Then I should click on student "Snow Jon" in roster tree....................skipped
Then I should compare usage detail info of student with teacher.............skipped

StackTrace:
java.lang.NoClassDefFoundError: org/apache/http/auth/Credentials
	at org.openqa.selenium.remote.HttpCommandExecutor.getDefaultClientFactory(HttpCommandExecutor.java:96)
	at org.openqa.selenium.remote.HttpCommandExecutor.<init>(HttpCommandExecutor.java:70)
	at org.openqa.selenium.remote.service.DriverCommandExecutor.<init>(DriverCommandExecutor.java:62)
	at org.openqa.selenium.chrome.ChromeDriverCommandExecutor.<init>(ChromeDriverCommandExecutor.java:40)
	at org.openqa.selenium.chrome.ChromeDriver.<init>(ChromeDriver.java:170)
	at org.openqa.selenium.chrome.ChromeDriver.<init>(ChromeDriver.java:159)
	at org.openqa.selenium.chrome.ChromeDriver.<init>(ChromeDriver.java:116)
	at sun.reflect.NativeConstructorAccessorImpl.newInstance0(Native Method)
	at sun.reflect.NativeConstructorAccessorImpl.newInstance(NativeConstructorAccessorImpl.java:62)
	at sun.reflect.DelegatingConstructorAccessorImpl.newInstance(DelegatingConstructorAccessorImpl.java:45)
	at java.lang.reflect.Constructor.newInstance(Constructor.java:423)
	at java.lang.Class.newInstance(Class.java:442)
	at com.scholastic.torque.common.TestBase$WEBDRIVER.getDriver(TestBase.java:479)
	at com.scholastic.torque.common.TestBase.initDriver(TestBase.java:158)
	at com.scholastic.torque.common.TestBase.getDriver(TestBase.java:83)
	at com.scholastic.torque.common.TestBase.getSessionID(TestBase.java:528)
	at com.scholastic.intl.litpro.test.automation.stepdefs.Hooks.beforeHook(Hooks.java:26)
	at sun.reflect.NativeMethodAccessorImpl.invoke0(Native Method)
	at sun.reflect.NativeMethodAccessorImpl.invoke(NativeMethodAccessorImpl.java:62)
	at sun.reflect.DelegatingMethodAccessorImpl.invoke(DelegatingMethodAccessorImpl.java:43)
	at java.lang.reflect.Method.invoke(Method.java:498)
	at cucumber.runtime.Utils$1.call(Utils.java:40)
	at cucumber.runtime.Timeout.timeout(Timeout.java:16)
	at cucumber.runtime.Utils.invoke(Utils.java:34)
	at cucumber.runtime.java.JavaHookDefinition.execute(JavaHookDefinition.java:60)
	at cucumber.runtime.Runtime.runHookIfTagsMatch(Runtime.java:224)
	at cucumber.runtime.Runtime.runHooks(Runtime.java:212)
	at cucumber.runtime.Runtime.runBeforeHooks(Runtime.java:202)
	at cucumber.runtime.model.CucumberScenario.run(CucumberScenario.java:40)
	at cucumber.runtime.model.CucumberFeature.run(CucumberFeature.java:165)
	at com.scholastic.torque.cucumber.testng.CucumberTestNGRunner.runCucumber(CucumberTestNGRunner.java:108)
	at com.scholastic.torque.cucumber.testng.CukesByFeatureAndCompositionTest.feature(CukesByFeatureAndCompositionTest.java:22)
	at sun.reflect.NativeMethodAccessorImpl.invoke0(Native Method)
	at sun.reflect.NativeMethodAccessorImpl.invoke(NativeMethodAccessorImpl.java:62)
	at sun.reflect.DelegatingMethodAccessorImpl.invoke(DelegatingMethodAccessorImpl.java:43)
	at java.lang.reflect.Method.invoke(Method.java:498)
	at org.testng.internal.MethodInvocationHelper.invokeMethod(MethodInvocationHelper.java:86)
	at org.testng.internal.Invoker.invokeMethod(Invoker.java:643)
	at org.testng.internal.Invoker.invokeTestMethod(Invoker.java:820)
	at org.testng.internal.Invoker.invokeTestMethods(Invoker.java:1128)
	at org.testng.internal.TestMethodWorker.invokeTestMethods(TestMethodWorker.java:129)
	at org.testng.internal.TestMethodWorker.run(TestMethodWorker.java:112)
	at org.testng.TestRunner.privateRun(TestRunner.java:782)
	at org.testng.TestRunner.run(TestRunner.java:632)
	at org.testng.SuiteRunner.runTest(SuiteRunner.java:366)
	at org.testng.SuiteRunner.access$000(SuiteRunner.java:39)
	at org.testng.SuiteRunner$SuiteWorker.run(SuiteRunner.java:400)
	at org.testng.internal.thread.ThreadUtil$2.call(ThreadUtil.java:64)
	at java.util.concurrent.FutureTask.run(FutureTask.java:266)
	at java.util.concurrent.ThreadPoolExecutor.runWorker(ThreadPoolExecutor.java:1149)
	at java.util.concurrent.ThreadPoolExecutor$Worker.run(ThreadPoolExecutor.java:624)
	at java.lang.Thread.run(Thread.java:748)
Caused by: java.lang.ClassNotFoundException: org.apache.http.auth.Credentials
	at java.net.URLClassLoader.findClass(URLClassLoader.java:381)
	at java.lang.ClassLoader.loadClass(ClassLoader.java:424)
	at sun.misc.Launcher$AppClassLoader.loadClass(Launcher.java:338)
	at java.lang.ClassLoader.loadClass(ClassLoader.java:357)
	... 52 more
]]></failure>
</testcase>
</testsuite>
