<?xml version="1.0" encoding="UTF-8"?>
<!-- Generated by org.testng.reporters.JUnitXMLReporter -->
<testsuite hostname="jagadeesh-ThinkPad-L450" name="@vikram" tests="1" failures="1" timestamp="22 May 2018 07:23:58 GMT" time="379.67" errors="0">
  <testcase name="feature" time="378.487" classname="com.scholastic.intl.litpro.test.automation.tests.CucumberFeatureSuite">
    <failure type="cucumber.runtime.CucumberException" message="java.lang.NullPointerException">
      <![CDATA[cucumber.runtime.CucumberException: java.lang.NullPointerException
	at com.scholastic.torque.cucumber.testng.CucumberTestNGRunner.runCucumber(CucumberTestNGRunner.java:111)
	at com.scholastic.torque.cucumber.testng.CukesByFeatureAndCompositionTest.feature(CukesByFeatureAndCompositionTest.java:22)
	at java.util.concurrent.FutureTask.run(FutureTask.java:266)
	at java.util.concurrent.ThreadPoolExecutor.runWorker(ThreadPoolExecutor.java:1149)
	at java.util.concurrent.ThreadPoolExecutor$Worker.run(ThreadPoolExecutor.java:624)
	at java.lang.Thread.run(Thread.java:748)
Caused by: java.lang.NullPointerException
	at org.openqa.selenium.support.ui.ExpectedConditions.elementIfVisible(ExpectedConditions.java:302)
	at org.openqa.selenium.support.ui.ExpectedConditions.access$100(ExpectedConditions.java:41)
	at org.openqa.selenium.support.ui.ExpectedConditions$10.apply(ExpectedConditions.java:288)
	at org.openqa.selenium.support.ui.ExpectedConditions$10.apply(ExpectedConditions.java:285)
	at org.openqa.selenium.support.ui.FluentWait.until(FluentWait.java:238)
	at com.scholastic.intl.litpro.test.automation.pageobjects.ParentPage.sync(ParentPage.java:100)
	at com.scholastic.intl.litpro.test.automation.pageobjects.ParentPage.type(ParentPage.java:134)
	at com.scholastic.intl.litpro.test.automation.pageobjects.SlzLoginPg.login(SlzLoginPg.java:239)
	at com.scholastic.intl.litpro.test.automation.pageobjects.SlzLoginPg.loginAs(SlzLoginPg.java:248)
	at com.scholastic.intl.litpro.test.automation.pageobjects.BasePage.launchPortal(BasePage.java:54)
	at com.scholastic.intl.litpro.test.automation.stepdefs.lpl.LplCommonFlow.i_login_into_SLZ_as_a(LplCommonFlow.java:83)
	at âœ½.When I login into SLZ as a "Teacher"(LPLCommonUI.feature:402)
... Removed 16 stack frames]]>
    </failure>
  </testcase> <!-- feature -->
</testsuite> <!-- @vikram -->
